{"/workspaces/DisciplinaAIR/fatorial.ts": {"path":"/workspaces/DisciplinaAIR/fatorial.ts","all":false,"statementMap":{"0":{"start":{"line":1,"column":0},"end":{"line":1,"column":38}},"1":{"start":{"line":2,"column":0},"end":{"line":2,"column":16}},"2":{"start":{"line":3,"column":0},"end":{"line":3,"column":72}},"3":{"start":{"line":4,"column":0},"end":{"line":4,"column":5}},"4":{"start":{"line":5,"column":0},"end":{"line":5,"column":29}},"5":{"start":{"line":6,"column":0},"end":{"line":6,"column":17}},"6":{"start":{"line":7,"column":0},"end":{"line":7,"column":5}},"7":{"start":{"line":8,"column":0},"end":{"line":8,"column":22}},"8":{"start":{"line":9,"column":0},"end":{"line":9,"column":34}},"9":{"start":{"line":10,"column":0},"end":{"line":10,"column":23}},"10":{"start":{"line":11,"column":0},"end":{"line":11,"column":5}},"11":{"start":{"line":12,"column":0},"end":{"line":12,"column":21}},"12":{"start":{"line":13,"column":0},"end":{"line":13,"column":1}},"13":{"start":{"line":14,"column":0},"end":{"line":14,"column":0}},"14":{"start":{"line":15,"column":0},"end":{"line":15,"column":24}}},"s":{"0":4,"1":4,"2":1,"3":1,"4":4,"5":2,"6":2,"7":1,"8":4,"9":4,"10":4,"11":1,"12":1,"13":1,"14":1},"branchMap":{"0":{"type":"branch","line":1,"loc":{"start":{"line":1,"column":0},"end":{"line":13,"column":1}},"locations":[{"start":{"line":1,"column":0},"end":{"line":13,"column":1}}]},"1":{"type":"branch","line":2,"loc":{"start":{"line":2,"column":15},"end":{"line":4,"column":5}},"locations":[{"start":{"line":2,"column":15},"end":{"line":4,"column":5}}]},"2":{"type":"branch","line":5,"loc":{"start":{"line":5,"column":-1},"end":{"line":5,"column":19}},"locations":[{"start":{"line":5,"column":-1},"end":{"line":5,"column":19}}]},"3":{"type":"branch","line":5,"loc":{"start":{"line":5,"column":15},"end":{"line":5,"column":26}},"locations":[{"start":{"line":5,"column":15},"end":{"line":5,"column":26}}]},"4":{"type":"branch","line":5,"loc":{"start":{"line":5,"column":28},"end":{"line":7,"column":5}},"locations":[{"start":{"line":5,"column":28},"end":{"line":7,"column":5}}]},"5":{"type":"branch","line":8,"loc":{"start":{"line":8,"column":-1},"end":{"line":9,"column":33}},"locations":[{"start":{"line":8,"column":-1},"end":{"line":9,"column":33}}]},"6":{"type":"branch","line":12,"loc":{"start":{"line":12,"column":-1},"end":{"line":13,"column":1}},"locations":[{"start":{"line":12,"column":-1},"end":{"line":13,"column":1}}]}},"b":{"0":[4],"1":[1],"2":[3],"3":[2],"4":[2],"5":[1],"6":[1]},"fnMap":{"0":{"name":"fatorial","decl":{"start":{"line":1,"column":0},"end":{"line":13,"column":1}},"loc":{"start":{"line":1,"column":0},"end":{"line":13,"column":1}},"line":1}},"f":{"0":4}}
,"/workspaces/DisciplinaAIR/soma.ts": {"path":"/workspaces/DisciplinaAIR/soma.ts","all":false,"statementMap":{"0":{"start":{"line":1,"column":0},"end":{"line":1,"column":58}}},"s":{"0":1},"branchMap":{"0":{"type":"branch","line":1,"loc":{"start":{"line":1,"column":19},"end":{"line":1,"column":58}},"locations":[{"start":{"line":1,"column":19},"end":{"line":1,"column":58}}]}},"b":{"0":[2]},"fnMap":{"0":{"name":"sum","decl":{"start":{"line":1,"column":19},"end":{"line":1,"column":58}},"loc":{"start":{"line":1,"column":19},"end":{"line":1,"column":58}},"line":1}},"f":{"0":2}}
}
