TN:
SF:fatorial.js
FN:1,Object.<anonymous>
FN:1,fatorial
FNF:2
FNH:2
FNDA:1,Object.<anonymous>
FNDA:4,fatorial
DA:1,4
DA:2,4
DA:3,1
DA:4,1
DA:5,4
DA:6,2
DA:7,2
DA:8,1
DA:9,4
DA:10,4
DA:11,4
DA:12,1
DA:13,4
DA:14,1
DA:15,1
LF:15
LH:15
BRDA:1,0,0,1
BRDA:1,1,0,1
BRDA:1,2,0,4
BRDA:2,3,0,1
BRDA:5,4,0,3
BRDA:5,5,0,2
BRDA:5,6,0,2
BRDA:8,7,0,1
BRDA:12,8,0,1
BRF:9
BRH:9
end_of_record
TN:
SF:soma.js
FN:1,Object.<anonymous>
FN:1,sum
FNF:2
FNH:2
FNDA:1,Object.<anonymous>
FNDA:2,sum
DA:1,2
DA:2,2
DA:3,2
DA:4,1
LF:4
LH:4
BRDA:1,0,0,1
BRDA:1,1,0,1
BRDA:1,2,0,2
BRF:3
BRH:3
end_of_record
